2026-04-22 10:49:49,898 - __main__ - INFO - Data transformed and written to CSV for symbol: IBM
2026-04-22 10:49:49,902 - __main__ - INFO - Data transformed and written to CSV for symbol: MSFT
2026-04-22 12:39:02,861 - transform - INFO - Data transformed and written to CSV for symbol: IBM
2026-04-22 12:39:02,865 - transform - INFO - Data transformed and written to CSV for symbol: MSFT
2026-04-22 12:39:22,368 - transform - INFO - Data transformed and written to CSV for symbol: IBM
2026-04-22 12:39:22,372 - transform - INFO - Data transformed and written to CSV for symbol: MSFT
2026-04-22 12:40:17,992 - root - INFO - Database connection established successfully
2026-04-22 12:40:17,996 - __main__ - ERROR - An error occurred while loading data into the database: 'Insert' object has no attribute 'on_conflict_do_update'
2026-04-22 12:41:48,170 - root - INFO - Database connection established successfully
2026-04-22 12:41:48,175 - __main__ - ERROR - An error occurred while loading data into the database: Unconsumed column names: date
2026-04-22 12:43:29,851 - __main__ - ERROR - An error occurred while transforming data for symbol IBM: dict contains fields not in fieldnames: 'date'
2026-04-22 12:43:29,855 - __main__ - ERROR - An error occurred while transforming data for symbol MSFT: dict contains fields not in fieldnames: 'date'
2026-04-22 12:43:43,403 - __main__ - ERROR - An error occurred while transforming data for symbol IBM: dict contains fields not in fieldnames: 'date'
2026-04-22 12:43:43,407 - __main__ - ERROR - An error occurred while transforming data for symbol MSFT: dict contains fields not in fieldnames: 'date'
2026-04-22 12:44:07,594 - __main__ - INFO - Data transformed and written to CSV for symbol: IBM
2026-04-22 12:44:07,598 - __main__ - INFO - Data transformed and written to CSV for symbol: MSFT
2026-04-22 12:44:14,434 - root - INFO - Database connection established successfully
2026-04-27 11:31:44,025 - extract - INFO - Application started
2026-04-27 11:31:44,518 - extract - INFO - Data extracted for symbol: IBM
2026-04-27 11:31:56,890 - extract - INFO - Data extracted for symbol: MSFT
2026-04-27 11:32:08,894 - extract - INFO - Data extraction completed successfully
2026-04-27 11:32:08,896 - root - INFO - Extraction completed successfully
2026-04-27 11:32:08,911 - transform - INFO - Data transformed and written to CSV for symbol: IBM
2026-04-27 11:32:08,915 - transform - INFO - Data transformed and written to CSV for symbol: MSFT
2026-04-27 11:32:08,915 - root - INFO - Transformation completed successfully
2026-04-27 11:32:16,695 - root - INFO - Database connection established successfully
2026-04-27 11:32:16,797 - root - INFO - Loading completed successfully
2026-04-27 11:39:43,322 - extract - INFO - Application started
2026-04-27 11:39:43,793 - extract - INFO - Data extracted for symbol: IBM
2026-04-27 11:39:56,174 - extract - INFO - Data extracted for symbol: MSFT
2026-04-27 11:40:08,176 - extract - INFO - Data extraction completed successfully
2026-04-27 11:40:08,177 - root - INFO - Extraction completed successfully
2026-04-27 11:40:08,184 - transform - INFO - Data transformed and written to CSV for symbol: IBM
2026-04-27 11:40:08,188 - transform - INFO - Data transformed and written to CSV for symbol: MSFT
2026-04-27 11:40:08,188 - root - INFO - Transformation completed successfully
2026-04-27 11:40:08,951 - root - INFO - Database connection established successfully
2026-04-27 11:40:09,042 - root - INFO - Loading completed successfully
2026-04-27 11:40:09,042 - root - INFO - ETL process completed successfully
2026-04-27 12:13:30,663 - extract - INFO - Application started
2026-04-27 12:13:31,057 - extract - INFO - Data extracted for symbol: IBM
2026-04-27 12:13:43,424 - extract - INFO - Data extracted for symbol: MSFT
2026-04-27 12:13:55,427 - extract - INFO - Data extraction completed successfully
2026-04-27 12:13:55,428 - root - INFO - Extraction completed successfully
2026-04-27 12:13:55,435 - transform - INFO - Data transformed and written to CSV for symbol: IBM
2026-04-27 12:13:55,439 - transform - INFO - Data transformed and written to CSV for symbol: MSFT
2026-04-27 12:13:55,439 - root - INFO - Transformation completed successfully
2026-04-27 12:13:55,440 - load - ERROR - An error occurred: No module named 'psycopg2'
2026-04-27 12:13:55,440 - root - ERROR - An error occurred: No module named 'psycopg2'
2026-04-27 12:14:36,042 - extract - INFO - Application started
2026-04-27 12:14:36,575 - extract - INFO - Data extracted for symbol: IBM
2026-04-27 12:14:48,943 - extract - INFO - Data extracted for symbol: MSFT
2026-04-27 12:15:00,946 - extract - INFO - Data extraction completed successfully
2026-04-27 12:15:00,947 - root - INFO - Extraction completed successfully
2026-04-27 12:15:00,955 - transform - INFO - Data transformed and written to CSV for symbol: IBM
2026-04-27 12:15:00,958 - transform - INFO - Data transformed and written to CSV for symbol: MSFT
2026-04-27 12:15:00,959 - root - INFO - Transformation completed successfully
2026-04-27 12:15:02,693 - root - INFO - Database connection established successfully
2026-04-27 12:15:02,781 - root - INFO - Loading completed successfully
2026-04-27 12:15:02,781 - root - INFO - ETL process completed successfully
2026-04-27 12:16:29,858 - extract - INFO - Application started
2026-04-27 12:16:30,231 - extract - INFO - Data extracted for symbol: IBM
2026-04-27 12:16:42,644 - extract - INFO - Data extracted for symbol: MSFT
2026-04-27 12:16:54,647 - extract - INFO - Data extraction completed successfully
2026-04-27 12:16:54,648 - root - INFO - Extraction completed successfully
2026-04-27 12:16:54,656 - transform - INFO - Data transformed and written to CSV for symbol: IBM
2026-04-27 12:16:54,660 - transform - INFO - Data transformed and written to CSV for symbol: MSFT
2026-04-27 12:16:54,660 - root - INFO - Transformation completed successfully
2026-04-27 12:16:55,521 - root - INFO - Database connection established successfully
2026-04-27 12:16:55,621 - root - INFO - Loading completed successfully
2026-04-27 12:16:55,621 - root - INFO - ETL process completed successfully
