{"timestamp":"2026-04-28T14:49:36.562233Z","level":"info","event":"DAG bundles loaded: dags-folder, example_dags","logger":"airflow.dag_processing.bundles.manager.DagBundlesManager","filename":"manager.py","lineno":209}
{"timestamp":"2026-04-28T14:49:36.563725Z","level":"info","event":"Filling up the DagBag from /opt/airflow/dags/finance_pipeline_dag.py","logger":"airflow.dag_processing.dagbag.BundleDagBag","filename":"dagbag.py","lineno":469}
{"timestamp":"2026-04-28T14:49:36.576873Z","level":"warning","event":"The `airflow.operators.bash.BashOperator` attribute is deprecated. Please use `'airflow.providers.standard.operators.bash.BashOperator'`.","category":"UserWarning","filename":"/opt/airflow/dags/finance_pipeline_dag.py","lineno":2,"logger":"py.warnings"}
{"timestamp":"2026-04-28T14:49:36.611229Z","level":"info","event":"Task instance is in running state","logger":"task.stdout"}
{"timestamp":"2026-04-28T14:49:36.611450Z","level":"info","event":" Previous state of the Task instance: TaskInstanceState.QUEUED","logger":"task.stdout"}
{"timestamp":"2026-04-28T14:49:36.611649Z","level":"info","event":"Current task name:main","logger":"task.stdout"}
{"timestamp":"2026-04-28T14:49:36.611793Z","level":"info","event":"Dag name:finance_pipeline","logger":"task.stdout"}
{"timestamp":"2026-04-28T14:49:36.611811Z","level":"info","event":"Tmp dir root location: /tmp","logger":"airflow.task.hooks.airflow.providers.standard.hooks.subprocess.SubprocessHook","filename":"subprocess.py","lineno":78}
{"timestamp":"2026-04-28T14:49:36.612320Z","level":"info","event":"Running command: ['/usr/bin/bash', '-c', 'python /opt/airflow/dags/main.py']","logger":"airflow.task.hooks.airflow.providers.standard.hooks.subprocess.SubprocessHook","filename":"subprocess.py","lineno":80}
{"timestamp":"2026-04-28T14:49:36.612721Z","level":"info","event":"Output:","logger":"airflow.task.hooks.airflow.providers.standard.hooks.subprocess.SubprocessHook","filename":"subprocess.py","lineno":92}
{"timestamp":"2026-04-28T14:49:37.208672Z","level":"info","event":"2026-04-28 14:49:37,208 - extract - INFO - Application started","logger":"airflow.task.hooks.airflow.providers.standard.hooks.subprocess.SubprocessHook","filename":"subprocess.py","lineno":99}
{"timestamp":"2026-04-28T14:49:37.416528Z","level":"info","event":"2026-04-28 14:49:37,416 - extract - INFO - Data extracted for symbol: IBM","logger":"airflow.task.hooks.airflow.providers.standard.hooks.subprocess.SubprocessHook","filename":"subprocess.py","lineno":99}
{"timestamp":"2026-04-28T14:49:49.590779Z","level":"info","event":"2026-04-28 14:49:49,590 - extract - INFO - Data extracted for symbol: MSFT","logger":"airflow.task.hooks.airflow.providers.standard.hooks.subprocess.SubprocessHook","filename":"subprocess.py","lineno":99}
{"timestamp":"2026-04-28T14:50:01.591210Z","level":"info","event":"2026-04-28 14:50:01,590 - extract - INFO - Data extraction completed successfully","logger":"airflow.task.hooks.airflow.providers.standard.hooks.subprocess.SubprocessHook","filename":"subprocess.py","lineno":99}
{"timestamp":"2026-04-28T14:50:01.591892Z","level":"info","event":"2026-04-28 14:50:01,591 - root - INFO - Extraction completed successfully","logger":"airflow.task.hooks.airflow.providers.standard.hooks.subprocess.SubprocessHook","filename":"subprocess.py","lineno":99}
{"timestamp":"2026-04-28T14:50:01.592252Z","level":"info","event":"2026-04-28 14:50:01,592 - transform - ERROR - An error occurred while transforming data for symbol IBM: 'Time Series (Daily)'","logger":"airflow.task.hooks.airflow.providers.standard.hooks.subprocess.SubprocessHook","filename":"subprocess.py","lineno":99}
{"timestamp":"2026-04-28T14:50:01.604799Z","level":"info","event":"2026-04-28 14:50:01,604 - transform - INFO - Data transformed and written to CSV for symbol: MSFT","logger":"airflow.task.hooks.airflow.providers.standard.hooks.subprocess.SubprocessHook","filename":"subprocess.py","lineno":99}
{"timestamp":"2026-04-28T14:50:01.604891Z","level":"info","event":"2026-04-28 14:50:01,604 - root - INFO - Transformation completed successfully","logger":"airflow.task.hooks.airflow.providers.standard.hooks.subprocess.SubprocessHook","filename":"subprocess.py","lineno":99}
{"timestamp":"2026-04-28T14:50:02.477431Z","level":"info","event":"2026-04-28 14:50:02,477 - root - INFO - Database connection established successfully","logger":"airflow.task.hooks.airflow.providers.standard.hooks.subprocess.SubprocessHook","filename":"subprocess.py","lineno":99}
{"timestamp":"2026-04-28T14:50:02.567558Z","level":"info","event":"2026-04-28 14:50:02,567 - root - INFO - Loading completed successfully","logger":"airflow.task.hooks.airflow.providers.standard.hooks.subprocess.SubprocessHook","filename":"subprocess.py","lineno":99}
{"timestamp":"2026-04-28T14:50:02.567740Z","level":"info","event":"2026-04-28 14:50:02,567 - root - INFO - ETL process completed successfully","logger":"airflow.task.hooks.airflow.providers.standard.hooks.subprocess.SubprocessHook","filename":"subprocess.py","lineno":99}
{"timestamp":"2026-04-28T14:50:02.688384Z","level":"info","event":"Command exited with return code 0","logger":"airflow.task.hooks.airflow.providers.standard.hooks.subprocess.SubprocessHook","filename":"subprocess.py","lineno":103}
{"timestamp":"2026-04-28T14:50:02.689235Z","level":"info","event":"Pushing xcom","ti":"RuntimeTaskInstance(id=UUID('019dd491-1bab-7c5d-905d-3fe40194cb6a'), task_id='main', dag_id='finance_pipeline', run_id='scheduled__2026-04-28T00:00:00+00:00', try_number=1, dag_version_id=UUID('019dd490-3ab6-78eb-bde6-d47b5bf0129c'), map_index=-1, hostname='1b85ee2a49e3', context_carrier={'traceparent': '00-a9cb83e54a0e11212d67957da60168d7-7e7ce6cff52efcab-01'}, task=<Task(BashOperator): main>, bundle_instance=LocalDagBundle(name=dags-folder), max_tries=0, start_date=datetime.datetime(2026, 4, 28, 14, 49, 33, 445777, tzinfo=datetime.timezone.utc), end_date=None, state=<TaskInstanceState.RUNNING: 'running'>, is_mapped=False, rendered_map_index=None, sentry_integration='')","logger":"task","filename":"task_runner.py","lineno":1724}
{"timestamp":"2026-04-28T14:50:02.721084Z","level":"info","event":"Task instance in success state","logger":"task.stdout"}
{"timestamp":"2026-04-28T14:50:02.721315Z","level":"info","event":" Previous state of the Task instance: TaskInstanceState.RUNNING","logger":"task.stdout"}
{"timestamp":"2026-04-28T14:50:02.721601Z","level":"info","event":"Task operator:<Task(BashOperator): main>","logger":"task.stdout"}
