{"timestamp":"2026-04-28T14:49:36.562233Z","level":"info","event":"DAG bundles loaded: dags-folder, example_dags","logger":"airflow.dag_processing.bundles.manager.DagBundlesManager","filename":"manager.py","lineno":209}
{"timestamp":"2026-04-28T14:49:36.563729Z","level":"info","event":"Filling up the DagBag from /opt/airflow/dags/finance_pipeline_dag.py","logger":"airflow.dag_processing.dagbag.BundleDagBag","filename":"dagbag.py","lineno":469}
{"timestamp":"2026-04-28T14:49:36.576872Z","level":"warning","event":"The `airflow.operators.bash.BashOperator` attribute is deprecated. Please use `'airflow.providers.standard.operators.bash.BashOperator'`.","category":"UserWarning","filename":"/opt/airflow/dags/finance_pipeline_dag.py","lineno":2,"logger":"py.warnings"}
{"timestamp":"2026-04-28T14:49:36.609281Z","level":"info","event":"Task instance is in running state","logger":"task.stdout"}
{"timestamp":"2026-04-28T14:49:36.611089Z","level":"info","event":" Previous state of the Task instance: TaskInstanceState.QUEUED","logger":"task.stdout"}
{"timestamp":"2026-04-28T14:49:36.611376Z","level":"info","event":"Current task name:main","logger":"task.stdout"}
{"timestamp":"2026-04-28T14:49:36.611636Z","level":"info","event":"Dag name:finance_pipeline","logger":"task.stdout"}
{"timestamp":"2026-04-28T14:49:36.610293Z","level":"info","event":"Tmp dir root location: /tmp","logger":"airflow.task.hooks.airflow.providers.standard.hooks.subprocess.SubprocessHook","filename":"subprocess.py","lineno":78}
{"timestamp":"2026-04-28T14:49:36.611070Z","level":"info","event":"Running command: ['/usr/bin/bash', '-c', 'python /opt/airflow/dags/main.py']","logger":"airflow.task.hooks.airflow.providers.standard.hooks.subprocess.SubprocessHook","filename":"subprocess.py","lineno":80}
{"timestamp":"2026-04-28T14:49:36.611931Z","level":"info","event":"Output:","logger":"airflow.task.hooks.airflow.providers.standard.hooks.subprocess.SubprocessHook","filename":"subprocess.py","lineno":92}
{"timestamp":"2026-04-28T14:49:37.208622Z","level":"info","event":"2026-04-28 14:49:37,208 - extract - INFO - Application started","logger":"airflow.task.hooks.airflow.providers.standard.hooks.subprocess.SubprocessHook","filename":"subprocess.py","lineno":99}
{"timestamp":"2026-04-28T14:49:37.458137Z","level":"info","event":"2026-04-28 14:49:37,457 - extract - INFO - Data extracted for symbol: IBM","logger":"airflow.task.hooks.airflow.providers.standard.hooks.subprocess.SubprocessHook","filename":"subprocess.py","lineno":99}
{"timestamp":"2026-04-28T14:49:49.603815Z","level":"info","event":"2026-04-28 14:49:49,603 - extract - INFO - Data extracted for symbol: MSFT","logger":"airflow.task.hooks.airflow.providers.standard.hooks.subprocess.SubprocessHook","filename":"subprocess.py","lineno":99}
{"timestamp":"2026-04-28T14:50:01.603479Z","level":"info","event":"2026-04-28 14:50:01,603 - extract - INFO - Data extraction completed successfully","logger":"airflow.task.hooks.airflow.providers.standard.hooks.subprocess.SubprocessHook","filename":"subprocess.py","lineno":99}
{"timestamp":"2026-04-28T14:50:01.604125Z","level":"info","event":"2026-04-28 14:50:01,603 - root - INFO - Extraction completed successfully","logger":"airflow.task.hooks.airflow.providers.standard.hooks.subprocess.SubprocessHook","filename":"subprocess.py","lineno":99}
{"timestamp":"2026-04-28T14:50:01.611103Z","level":"info","event":"2026-04-28 14:50:01,610 - transform - INFO - Data transformed and written to CSV for symbol: IBM","logger":"airflow.task.hooks.airflow.providers.standard.hooks.subprocess.SubprocessHook","filename":"subprocess.py","lineno":99}
{"timestamp":"2026-04-28T14:50:01.611227Z","level":"info","event":"2026-04-28 14:50:01,611 - transform - ERROR - An error occurred while transforming data for symbol MSFT: 'Time Series (Daily)'","logger":"airflow.task.hooks.airflow.providers.standard.hooks.subprocess.SubprocessHook","filename":"subprocess.py","lineno":99}
{"timestamp":"2026-04-28T14:50:01.611276Z","level":"info","event":"2026-04-28 14:50:01,611 - root - INFO - Transformation completed successfully","logger":"airflow.task.hooks.airflow.providers.standard.hooks.subprocess.SubprocessHook","filename":"subprocess.py","lineno":99}
{"timestamp":"2026-04-28T14:50:02.463989Z","level":"info","event":"2026-04-28 14:50:02,463 - root - INFO - Database connection established successfully","logger":"airflow.task.hooks.airflow.providers.standard.hooks.subprocess.SubprocessHook","filename":"subprocess.py","lineno":99}
{"timestamp":"2026-04-28T14:50:02.541314Z","level":"info","event":"2026-04-28 14:50:02,540 - root - INFO - Loading completed successfully","logger":"airflow.task.hooks.airflow.providers.standard.hooks.subprocess.SubprocessHook","filename":"subprocess.py","lineno":99}
{"timestamp":"2026-04-28T14:50:02.541511Z","level":"info","event":"2026-04-28 14:50:02,541 - root - INFO - ETL process completed successfully","logger":"airflow.task.hooks.airflow.providers.standard.hooks.subprocess.SubprocessHook","filename":"subprocess.py","lineno":99}
{"timestamp":"2026-04-28T14:50:02.660779Z","level":"info","event":"Command exited with return code 0","logger":"airflow.task.hooks.airflow.providers.standard.hooks.subprocess.SubprocessHook","filename":"subprocess.py","lineno":103}
{"timestamp":"2026-04-28T14:50:02.661834Z","level":"info","event":"Pushing xcom","ti":"RuntimeTaskInstance(id=UUID('019dd491-179a-7946-97cf-6ea83b0abb91'), task_id='main', dag_id='finance_pipeline', run_id='manual__2026-04-28T14:49:31.770545+00:00', try_number=1, dag_version_id=UUID('019dd490-3ab6-78eb-bde6-d47b5bf0129c'), map_index=-1, hostname='1b85ee2a49e3', context_carrier={'traceparent': '00-417f32e3ff65aa6be5e81d8bd5ebb6f9-82c3eec9cfd93ebb-01'}, task=<Task(BashOperator): main>, bundle_instance=LocalDagBundle(name=dags-folder), max_tries=0, start_date=datetime.datetime(2026, 4, 28, 14, 49, 33, 445777, tzinfo=datetime.timezone.utc), end_date=None, state=<TaskInstanceState.RUNNING: 'running'>, is_mapped=False, rendered_map_index=None, sentry_integration='')","logger":"task","filename":"task_runner.py","lineno":1724}
{"timestamp":"2026-04-28T14:50:02.713130Z","level":"info","event":"Task instance in success state","logger":"task.stdout"}
{"timestamp":"2026-04-28T14:50:02.713407Z","level":"info","event":" Previous state of the Task instance: TaskInstanceState.RUNNING","logger":"task.stdout"}
{"timestamp":"2026-04-28T14:50:02.713643Z","level":"info","event":"Task operator:<Task(BashOperator): main>","logger":"task.stdout"}
